{"logLevel":"debug","message":"multithreading is set to false"}
{"logLevel":"debug","message":"Using reflection to scan dependencies for gauge implementations..."}
log4j:WARN No appenders could be found for logger (io.grpc.netty.shaded.io.netty.util.internal.logging.InternalLoggerFactory).
log4j:WARN Please initialize the log4j system properly.
log4j:WARN See http://logging.apache.org/log4j/1.2/faq.html#noconfig for more info.
{"logLevel":"debug","message":"gauge-java took 2073milliseconds to load and scan. This should be less than 'runner_connection_timeout' config value."}
{"logLevel":"debug","message":"run 'gauge config runner_connection_timeout' and verify that it is < 2073"}
{"logLevel":"debug","message":"starting gRPC server..."}
{"logLevel":"debug","message":"started gRPC server on port 49731"}
{"logLevel":"info","message":"Listening on port:49731"}
{"logLevel":"debug","message":"Scanning packages for steps"}
{"logLevel":"debug","message":"Comparing 'StepImp.loginMail' and 'StepImp.loginMail'"}
{"logLevel":"debug","message":"Found {} id'li elemente {} Email adresi girme in current project scope."}
{"logLevel":"debug","message":"Comparing 'StepImp.loginPassword' and 'StepImp.loginPassword'"}
{"logLevel":"debug","message":"Found {} 'li elemente {} Sifre girme in current project scope."}
{"logLevel":"debug","message":"Comparing 'StepImp.waitForsecond' and 'StepImp.waitForsecond'"}
{"logLevel":"debug","message":"Found {} saniye kadar bekle in current project scope."}
{"logLevel":"debug","message":"Comparing 'StepImp.clickByxpath' and 'StepImp.clickByxpath'"}
{"logLevel":"debug","message":"Found {} Xpath verilen elementi bul ve tıkla in current project scope."}
{"logLevel":"debug","message":"Comparing 'StepImp.clickByid' and 'StepImp.clickByid'"}
{"logLevel":"debug","message":"Found {} id verilen elementi bul ve tıkla in current project scope."}
{"logLevel":"debug","message":"Comparing 'StepImp.clickByxpath' and 'StepImp.clickByXpathName'"}
{"logLevel":"debug","message":"Comparing 'StepImp.clickByXpathName' and 'StepImp.clickByXpathName'"}
{"logLevel":"debug","message":"Found {} Xpath verilen elementi bul ve tıkla in current project scope."}
{"logLevel":"debug","message":"Scanning packages for hooks"}
{"logLevel":"debug","message":"Scanned steps (using static parsing + reflections): "}
{"logLevel":"debug","message":"\t{} id'li elemente {} Email adresi girme : public void loginMail(String emailId, String emailText)"}
{"logLevel":"debug","message":"\t{} saniye kadar bekle : public void waitForsecond(ınt second) throws InterruptedException"}
{"logLevel":"debug","message":"\t{} id verilen elementi bul ve tıkla : public void clickByid(String id)"}
{"logLevel":"debug","message":"\t{} Xpath verilen elementi bul ve tıkla : public void clickByxpath(String xpath)"}
{"logLevel":"debug","message":"\t{} 'li elemente {} Sifre girme : public void loginPassword(String passwordId, String passwordText)"}
{"logLevel":"debug","message":"Killing Java runner..."}
{"logLevel":"debug","message":"Stopping execution pool..."}
{"logLevel":"debug","message":"Shutting down grpc server..."}
{"logLevel":"debug","message":"Runner killed gracefully."}
