{"logLevel":"debug","message":"multithreading is set to false"}
{"logLevel":"debug","message":"Using reflection to scan dependencies for gauge implementations..."}
log4j:WARN No appenders could be found for logger (io.grpc.netty.shaded.io.netty.util.internal.logging.InternalLoggerFactory).
log4j:WARN Please initialize the log4j system properly.
log4j:WARN See http://logging.apache.org/log4j/1.2/faq.html#noconfig for more info.
{"logLevel":"debug","message":"gauge-java took 1500milliseconds to load and scan. This should be less than 'runner_connection_timeout' config value."}
{"logLevel":"debug","message":"run 'gauge config runner_connection_timeout' and verify that it is < 1500"}
{"logLevel":"debug","message":"starting gRPC server..."}
{"logLevel":"debug","message":"started gRPC server on port 50112"}
{"logLevel":"info","message":"Listening on port:50112"}
{"logLevel":"debug","message":"Scanning packages for steps"}
{"logLevel":"debug","message":"Comparing 'StepImp.waitForElement' and 'StepImp.waitForElement'"}
{"logLevel":"debug","message":"Found  {} xpath ile element görünür değil ise {} saniye kadar beklenir. in current project scope."}
{"logLevel":"debug","message":"Comparing 'StepImp.waitForsecond' and 'StepImp.waitForsecond'"}
{"logLevel":"debug","message":"Found {} saniye kadar bekle in current project scope."}
{"logLevel":"debug","message":"Comparing 'StepImp.sendKeysByid' and 'StepImp.sendKeysByid'"}
{"logLevel":"debug","message":"Found {} 'li elemente {} Degeri girilir in current project scope."}
{"logLevel":"debug","message":"Comparing 'StepImp.clickByxpath' and 'StepImp.clickByxpath'"}
{"logLevel":"debug","message":"Found {} Xpath verilen elementi bul ve tıkla in current project scope."}
{"logLevel":"debug","message":"Comparing 'StepImp.sendKeysbyXpath' and 'StepImp.sendKeysbyXpath'"}
{"logLevel":"debug","message":"Found {} Xpath verilen elementi bul ve {} değerini yaz in current project scope."}
{"logLevel":"debug","message":"Comparing 'StepImp.clickByid' and 'StepImp.clickByid'"}
{"logLevel":"debug","message":"Found {} id verilen elementi bul ve tıkla in current project scope."}
{"logLevel":"debug","message":"Comparing 'StepImp.randomTikla' and 'StepImp.randomTikla'"}
{"logLevel":"debug","message":"Found {} Rastgele elemente tiklar in current project scope."}
{"logLevel":"debug","message":"Scanning packages for hooks"}
{"logLevel":"debug","message":"Scanned steps (using static parsing + reflections): "}
{"logLevel":"debug","message":"\t {} xpath ile element görünür değil ise {} saniye kadar beklenir. : public void waitForElement(String xpath, ınt seconds)"}
{"logLevel":"debug","message":"\t{} 'li elemente {} Degeri girilir : public void sendKeysByid(String key, String text) throws InterruptedException"}
{"logLevel":"debug","message":"\t{} Rastgele elemente tiklar : public void randomTikla(String key) throws InterruptedException"}
{"logLevel":"debug","message":"\t{} Xpath verilen elementi bul ve {} değerini yaz : public void sendKeysbyXpath(String xpath, String text) throws InterruptedException"}
{"logLevel":"debug","message":"\t{} saniye kadar bekle : public void waitForsecond(ınt second) throws InterruptedException"}
{"logLevel":"debug","message":"\t{} id verilen elementi bul ve tıkla : public void clickByid(String id)"}
{"logLevel":"debug","message":"\t{} Xpath verilen elementi bul ve tıkla : public void clickByxpath(String xpath) throws InterruptedException"}
{"logLevel":"debug","message":"Killing Java runner..."}
{"logLevel":"debug","message":"Stopping execution pool..."}
{"logLevel":"debug","message":"Shutting down grpc server..."}
{"logLevel":"debug","message":"Runner killed gracefully."}
